19-05-22 08:12:57,409 28 0    [main] INFO  java.lang.Class  - start app scan database and push to mongo
19-05-22 08:15:33,393 66 0    [main] INFO  org.hibernate.annotations.common.Version  - HCANN000001: Hibernate Commons Annotations {4.0.5.Final}
19-05-22 08:15:33,398 54 5    [main] INFO  org.hibernate.Version  - HHH000412: Hibernate Core {4.3.7.Final}
19-05-22 08:15:33,399 239 6    [main] INFO  org.hibernate.cfg.Environment  - HHH000206: hibernate.properties not found
19-05-22 08:15:33,400 346 7    [main] INFO  org.hibernate.cfg.Environment  - HHH000021: Bytecode provider name : javassist
19-05-22 08:15:33,552 145 159  [main] INFO  org.hibernate.dialect.Dialect  - HHH000400: Using dialect: org.hibernate.dialect.MySQLDialect
19-05-22 08:15:33,643 62 250  [main] INFO  org.hibernate.engine.transaction.internal.TransactionFactoryInitiator  - HHH000399: Using default transaction strategy (direct JDBC transactions)
19-05-22 08:15:33,646 47 253  [main] INFO  org.hibernate.hql.internal.ast.ASTQueryTranslatorFactory  - HHH000397: Using ASTQueryTranslatorFactory
19-05-22 08:15:34,086 144 693  [main] WARN  org.hibernate.engine.jdbc.spi.SqlExceptionHelper  - SQL Error: 1064, SQLState: 42000
19-05-22 08:15:34,086 146 693  [main] ERROR org.hibernate.engine.jdbc.spi.SqlExceptionHelper  - You have an error in your SQL syntax; check the manual that corresponds to your MySQL server version for the right syntax to use near 'group this_' at line 1
19-05-22 08:15:34,089 76 696  [main] FATAL java.lang.Class  - find by example failed
org.hibernate.exception.SQLGrammarException: could not extract ResultSet
	at org.hibernate.exception.internal.SQLExceptionTypeDelegate.convert(SQLExceptionTypeDelegate.java:80)
	at org.hibernate.exception.internal.StandardSQLExceptionConverter.convert(StandardSQLExceptionConverter.java:49)
	at org.hibernate.engine.jdbc.spi.SqlExceptionHelper.convert(SqlExceptionHelper.java:126)
	at org.hibernate.engine.jdbc.spi.SqlExceptionHelper.convert(SqlExceptionHelper.java:112)
	at org.hibernate.engine.jdbc.internal.ResultSetReturnImpl.extract(ResultSetReturnImpl.java:91)
	at org.hibernate.loader.Loader.getResultSet(Loader.java:2066)
	at org.hibernate.loader.Loader.executeQueryStatement(Loader.java:1863)
	at org.hibernate.loader.Loader.executeQueryStatement(Loader.java:1839)
	at org.hibernate.loader.Loader.doQuery(Loader.java:910)
	at org.hibernate.loader.Loader.doQueryAndInitializeNonLazyCollections(Loader.java:355)
	at org.hibernate.loader.Loader.doList(Loader.java:2554)
	at org.hibernate.loader.Loader.doList(Loader.java:2540)
	at org.hibernate.loader.Loader.listIgnoreQueryCache(Loader.java:2370)
	at org.hibernate.loader.Loader.list(Loader.java:2365)
	at org.hibernate.loader.criteria.CriteriaLoader.list(CriteriaLoader.java:126)
	at org.hibernate.internal.SessionImpl.list(SessionImpl.java:1682)
	at org.hibernate.internal.CriteriaImpl.list(CriteriaImpl.java:380)
	at group.fly.hibernate.home.BaseHibernateHome.listAllObject(BaseHibernateHome.java:259)
	at group.fly.MainApplication.main(MainApplication.java:71)
Caused by: com.mysql.jdbc.exceptions.jdbc4.MySQLSyntaxErrorException: You have an error in your SQL syntax; check the manual that corresponds to your MySQL server version for the right syntax to use near 'group this_' at line 1
	at sun.reflect.NativeConstructorAccessorImpl.newInstance0(Native Method)
	at sun.reflect.NativeConstructorAccessorImpl.newInstance(NativeConstructorAccessorImpl.java:62)
	at sun.reflect.DelegatingConstructorAccessorImpl.newInstance(DelegatingConstructorAccessorImpl.java:45)
	at java.lang.reflect.Constructor.newInstance(Constructor.java:423)
	at com.mysql.jdbc.Util.handleNewInstance(Util.java:425)
	at com.mysql.jdbc.Util.getInstance(Util.java:408)
	at com.mysql.jdbc.SQLError.createSQLException(SQLError.java:944)
	at com.mysql.jdbc.MysqlIO.checkErrorPacket(MysqlIO.java:3933)
	at com.mysql.jdbc.MysqlIO.checkErrorPacket(MysqlIO.java:3869)
	at com.mysql.jdbc.MysqlIO.sendCommand(MysqlIO.java:2524)
	at com.mysql.jdbc.MysqlIO.sqlQueryDirect(MysqlIO.java:2675)
	at com.mysql.jdbc.ConnectionImpl.execSQL(ConnectionImpl.java:2465)
	at com.mysql.jdbc.PreparedStatement.executeInternal(PreparedStatement.java:1912)
	at com.mysql.jdbc.PreparedStatement.executeQuery(PreparedStatement.java:2020)
	at com.zaxxer.hikari.proxy.PreparedStatementProxy.executeQuery(PreparedStatementProxy.java:52)
	at com.zaxxer.hikari.proxy.PreparedStatementJavassistProxy.executeQuery(PreparedStatementJavassistProxy.java)
	at org.hibernate.engine.jdbc.internal.ResultSetReturnImpl.extract(ResultSetReturnImpl.java:82)
	... 14 more
